{
"contracts\\interfaces\\ISimpleDEX.sol":{"l":{},"path":"C:\\Users\\Luiz Henrique\\Simple-DEX\\contracts\\interfaces\\ISimpleDEX.sol","s":{},"b":{},"f":{},"fnMap":{},"statementMap":{},"branchMap":{}},
"contracts\\Simple-DEX-V2.sol":{"l":{"84":36,"85":36,"99":14,"100":1,"104":13,"105":0,"107":13,"108":0,"112":13,"113":13,"115":13,"129":3,"130":1,"134":2,"135":0,"137":2,"138":0,"142":2,"143":2,"145":2,"155":1,"156":0,"158":1,"159":0,"163":1,"164":1,"168":1,"172":1,"173":0,"175":1,"176":0,"184":1,"185":1,"187":1,"196":1,"206":1,"207":0,"209":1,"210":0,"214":1,"215":1,"219":1,"221":1,"222":1,"225":1,"226":0,"228":1,"229":0,"237":1,"246":1,"256":3,"257":0,"261":3,"263":1,"266":1,"268":1,"271":2},"path":"C:\\Users\\Luiz Henrique\\Simple-DEX\\contracts\\Simple-DEX-V2.sol","s":{"1":14,"2":13,"3":13,"4":13,"5":3,"6":2,"7":2,"8":2,"9":1,"10":1,"11":1,"12":1,"13":1,"14":1,"15":1,"16":1,"17":1,"18":1,"19":1,"20":1,"21":1,"22":1,"23":1,"24":1,"25":1,"26":1,"27":3,"28":3,"29":2,"30":2},"b":{"1":[14,0],"2":[14,0],"3":[1,13],"4":[1,0],"5":[0,13],"6":[0,13],"7":[3,0],"8":[3,0],"9":[1,2],"10":[1,0],"11":[0,2],"12":[0,2],"13":[1,0],"14":[0,1],"15":[0,1],"16":[0,0],"17":[0,1],"18":[0,1],"19":[1,0],"20":[0,1],"21":[0,1],"22":[0,0],"23":[0,1],"24":[0,1],"25":[0,3],"26":[0,0],"27":[1,2],"28":[1,1]},"f":{"1":36,"2":14,"3":3,"4":1,"5":1,"6":3},"fnMap":{"1":{"name":"constructor","line":83,"loc":{"start":{"line":83,"column":4},"end":{"line":86,"column":4}}},"2":{"name":"addLiquidity","line":96,"loc":{"start":{"line":93,"column":4},"end":{"line":116,"column":4}}},"3":{"name":"removeLiquidity","line":126,"loc":{"start":{"line":123,"column":4},"end":{"line":146,"column":4}}},"4":{"name":"swapAforB","line":153,"loc":{"start":{"line":153,"column":4},"end":{"line":197,"column":4}}},"5":{"name":"swapBforA","line":204,"loc":{"start":{"line":204,"column":4},"end":{"line":247,"column":4}}},"6":{"name":"getPrice","line":254,"loc":{"start":{"line":254,"column":4},"end":{"line":272,"column":4}}}},"statementMap":{"1":{"start":{"line":99,"column":8},"end":{"line":99,"column":3153}},"2":{"start":{"line":104,"column":8},"end":{"line":104,"column":3299}},"3":{"start":{"line":107,"column":8},"end":{"line":107,"column":3463}},"4":{"start":{"line":115,"column":8},"end":{"line":115,"column":57}},"5":{"start":{"line":129,"column":8},"end":{"line":129,"column":4114}},"6":{"start":{"line":134,"column":8},"end":{"line":134,"column":4289}},"7":{"start":{"line":137,"column":8},"end":{"line":137,"column":4434}},"8":{"start":{"line":145,"column":8},"end":{"line":145,"column":59}},"9":{"start":{"line":155,"column":8},"end":{"line":155,"column":4999}},"10":{"start":{"line":158,"column":8},"end":{"line":158,"column":5091}},"11":{"start":{"line":163,"column":8},"end":{"line":163,"column":38}},"12":{"start":{"line":164,"column":8},"end":{"line":164,"column":38}},"13":{"start":{"line":168,"column":8},"end":{"line":168,"column":82}},"14":{"start":{"line":172,"column":8},"end":{"line":172,"column":5554}},"15":{"start":{"line":175,"column":8},"end":{"line":175,"column":5722}},"16":{"start":{"line":187,"column":8},"end":{"line":187,"column":6052}},"17":{"start":{"line":196,"column":8},"end":{"line":196,"column":63}},"18":{"start":{"line":206,"column":8},"end":{"line":206,"column":6625}},"19":{"start":{"line":209,"column":8},"end":{"line":209,"column":6717}},"20":{"start":{"line":214,"column":8},"end":{"line":214,"column":38}},"21":{"start":{"line":215,"column":8},"end":{"line":215,"column":38}},"22":{"start":{"line":219,"column":8},"end":{"line":219,"column":7062}},"23":{"start":{"line":225,"column":8},"end":{"line":225,"column":7249}},"24":{"start":{"line":228,"column":8},"end":{"line":228,"column":7417}},"25":{"start":{"line":237,"column":8},"end":{"line":237,"column":7654}},"26":{"start":{"line":246,"column":8},"end":{"line":246,"column":63}},"27":{"start":{"line":256,"column":8},"end":{"line":256,"column":8256}},"28":{"start":{"line":261,"column":8},"end":{"line":261,"column":8375}},"29":{"start":{"line":264,"column":15},"end":{"line":264,"column":8537}},"30":{"start":{"line":271,"column":8},"end":{"line":271,"column":24}}},"branchMap":{"1":{"line":95,"type":"if","locations":[{"start":{"line":95,"column":8},"end":{"line":95,"column":8}},{"start":{"line":95,"column":8},"end":{"line":95,"column":8}}]},"2":{"line":96,"type":"if","locations":[{"start":{"line":96,"column":8},"end":{"line":96,"column":8}},{"start":{"line":96,"column":8},"end":{"line":96,"column":8}}]},"3":{"line":99,"type":"if","locations":[{"start":{"line":99,"column":8},"end":{"line":99,"column":8}},{"start":{"line":99,"column":8},"end":{"line":99,"column":8}}]},"4":{"line":99,"type":"cond-expr","locations":[{"start":{"line":99,"column":12},"end":{"line":99,"column":23}},{"start":{"line":99,"column":28},"end":{"line":99,"column":39}}]},"5":{"line":104,"type":"if","locations":[{"start":{"line":104,"column":8},"end":{"line":104,"column":8}},{"start":{"line":104,"column":8},"end":{"line":104,"column":8}}]},"6":{"line":107,"type":"if","locations":[{"start":{"line":107,"column":8},"end":{"line":107,"column":8}},{"start":{"line":107,"column":8},"end":{"line":107,"column":8}}]},"7":{"line":125,"type":"if","locations":[{"start":{"line":125,"column":8},"end":{"line":125,"column":8}},{"start":{"line":125,"column":8},"end":{"line":125,"column":8}}]},"8":{"line":126,"type":"if","locations":[{"start":{"line":126,"column":8},"end":{"line":126,"column":8}},{"start":{"line":126,"column":8},"end":{"line":126,"column":8}}]},"9":{"line":129,"type":"if","locations":[{"start":{"line":129,"column":8},"end":{"line":129,"column":8}},{"start":{"line":129,"column":8},"end":{"line":129,"column":8}}]},"10":{"line":129,"type":"cond-expr","locations":[{"start":{"line":129,"column":12},"end":{"line":129,"column":29}},{"start":{"line":129,"column":34},"end":{"line":129,"column":51}}]},"11":{"line":134,"type":"if","locations":[{"start":{"line":134,"column":8},"end":{"line":134,"column":8}},{"start":{"line":134,"column":8},"end":{"line":134,"column":8}}]},"12":{"line":137,"type":"if","locations":[{"start":{"line":137,"column":8},"end":{"line":137,"column":8}},{"start":{"line":137,"column":8},"end":{"line":137,"column":8}}]},"13":{"line":153,"type":"if","locations":[{"start":{"line":153,"column":51},"end":{"line":153,"column":51}},{"start":{"line":153,"column":51},"end":{"line":153,"column":51}}]},"14":{"line":155,"type":"if","locations":[{"start":{"line":155,"column":8},"end":{"line":155,"column":8}},{"start":{"line":155,"column":8},"end":{"line":155,"column":8}}]},"15":{"line":158,"type":"if","locations":[{"start":{"line":158,"column":8},"end":{"line":158,"column":8}},{"start":{"line":158,"column":8},"end":{"line":158,"column":8}}]},"16":{"line":158,"type":"cond-expr","locations":[{"start":{"line":158,"column":12},"end":{"line":158,"column":24}},{"start":{"line":158,"column":29},"end":{"line":158,"column":41}}]},"17":{"line":172,"type":"if","locations":[{"start":{"line":172,"column":8},"end":{"line":172,"column":8}},{"start":{"line":172,"column":8},"end":{"line":172,"column":8}}]},"18":{"line":175,"type":"if","locations":[{"start":{"line":175,"column":8},"end":{"line":175,"column":8}},{"start":{"line":175,"column":8},"end":{"line":175,"column":8}}]},"19":{"line":204,"type":"if","locations":[{"start":{"line":204,"column":51},"end":{"line":204,"column":51}},{"start":{"line":204,"column":51},"end":{"line":204,"column":51}}]},"20":{"line":206,"type":"if","locations":[{"start":{"line":206,"column":8},"end":{"line":206,"column":8}},{"start":{"line":206,"column":8},"end":{"line":206,"column":8}}]},"21":{"line":209,"type":"if","locations":[{"start":{"line":209,"column":8},"end":{"line":209,"column":8}},{"start":{"line":209,"column":8},"end":{"line":209,"column":8}}]},"22":{"line":209,"type":"cond-expr","locations":[{"start":{"line":209,"column":12},"end":{"line":209,"column":24}},{"start":{"line":209,"column":29},"end":{"line":209,"column":41}}]},"23":{"line":225,"type":"if","locations":[{"start":{"line":225,"column":8},"end":{"line":225,"column":8}},{"start":{"line":225,"column":8},"end":{"line":225,"column":8}}]},"24":{"line":228,"type":"if","locations":[{"start":{"line":228,"column":8},"end":{"line":228,"column":8}},{"start":{"line":228,"column":8},"end":{"line":228,"column":8}}]},"25":{"line":256,"type":"if","locations":[{"start":{"line":256,"column":8},"end":{"line":256,"column":8}},{"start":{"line":256,"column":8},"end":{"line":256,"column":8}}]},"26":{"line":256,"type":"cond-expr","locations":[{"start":{"line":256,"column":12},"end":{"line":256,"column":24}},{"start":{"line":256,"column":29},"end":{"line":256,"column":41}}]},"27":{"line":261,"type":"if","locations":[{"start":{"line":261,"column":8},"end":{"line":261,"column":8}},{"start":{"line":261,"column":8},"end":{"line":261,"column":8}}]},"28":{"line":264,"type":"if","locations":[{"start":{"line":264,"column":15},"end":{"line":264,"column":15}},{"start":{"line":264,"column":15},"end":{"line":264,"column":15}}]}}},
"contracts\\TokenA.sol":{"l":{"9":57,"13":2,"17":1},"path":"C:\\Users\\Luiz Henrique\\Simple-DEX\\contracts\\TokenA.sol","s":{"1":57,"2":2,"3":1},"b":{},"f":{"1":57,"2":2,"3":1},"fnMap":{"1":{"name":"constructor","line":8,"loc":{"start":{"line":8,"column":4},"end":{"line":10,"column":4}}},"2":{"name":"mint","line":12,"loc":{"start":{"line":12,"column":4},"end":{"line":14,"column":4}}},"3":{"name":"burn","line":16,"loc":{"start":{"line":16,"column":4},"end":{"line":18,"column":4}}}},"statementMap":{"1":{"start":{"line":9,"column":8},"end":{"line":9,"column":39}},"2":{"start":{"line":13,"column":8},"end":{"line":13,"column":24}},"3":{"start":{"line":17,"column":8},"end":{"line":17,"column":32}}},"branchMap":{}},
"contracts\\TokenB.sol":{"l":{"9":54,"13":2,"17":1},"path":"C:\\Users\\Luiz Henrique\\Simple-DEX\\contracts\\TokenB.sol","s":{"1":54,"2":2,"3":1},"b":{},"f":{"1":54,"2":2,"3":1},"fnMap":{"1":{"name":"constructor","line":8,"loc":{"start":{"line":8,"column":4},"end":{"line":10,"column":4}}},"2":{"name":"mint","line":12,"loc":{"start":{"line":12,"column":4},"end":{"line":14,"column":4}}},"3":{"name":"burn","line":16,"loc":{"start":{"line":16,"column":4},"end":{"line":18,"column":4}}}},"statementMap":{"1":{"start":{"line":9,"column":8},"end":{"line":9,"column":39}},"2":{"start":{"line":13,"column":8},"end":{"line":13,"column":24}},"3":{"start":{"line":17,"column":8},"end":{"line":17,"column":32}}},"branchMap":{}}}
