TN:
SF:C:\Users\Luiz Henrique\Simple-DEX\contracts\interfaces\ISimpleDEX.sol
FNF:0
FNH:0
LF:0
LH:0
BRF:0
BRH:0
end_of_record
TN:
SF:C:\Users\Luiz Henrique\Simple-DEX\contracts\Simple-DEX-V2.sol
FN:83,constructor
FN:96,addLiquidity
FN:126,removeLiquidity
FN:153,swapAforB
FN:204,swapBforA
FN:254,getPrice
FNF:6
FNH:6
FNDA:36,constructor
FNDA:14,addLiquidity
FNDA:3,removeLiquidity
FNDA:1,swapAforB
FNDA:1,swapBforA
FNDA:3,getPrice
DA:84,36
DA:85,36
DA:99,14
DA:100,1
DA:104,13
DA:105,0
DA:107,13
DA:108,0
DA:112,13
DA:113,13
DA:115,13
DA:129,3
DA:130,1
DA:134,2
DA:135,0
DA:137,2
DA:138,0
DA:142,2
DA:143,2
DA:145,2
DA:155,1
DA:156,0
DA:158,1
DA:159,0
DA:163,1
DA:164,1
DA:168,1
DA:172,1
DA:173,0
DA:175,1
DA:176,0
DA:184,1
DA:185,1
DA:187,1
DA:196,1
DA:206,1
DA:207,0
DA:209,1
DA:210,0
DA:214,1
DA:215,1
DA:219,1
DA:221,1
DA:222,1
DA:225,1
DA:226,0
DA:228,1
DA:229,0
DA:237,1
DA:246,1
DA:256,3
DA:257,0
DA:261,3
DA:263,1
DA:266,1
DA:268,1
DA:271,2
LF:57
LH:44
BRDA:95,1,0,14
BRDA:95,1,1,0
BRDA:96,2,0,14
BRDA:96,2,1,0
BRDA:99,3,0,1
BRDA:99,3,1,13
BRDA:99,4,0,1
BRDA:99,4,1,0
BRDA:104,5,0,0
BRDA:104,5,1,13
BRDA:107,6,0,0
BRDA:107,6,1,13
BRDA:125,7,0,3
BRDA:125,7,1,0
BRDA:126,8,0,3
BRDA:126,8,1,0
BRDA:129,9,0,1
BRDA:129,9,1,2
BRDA:129,10,0,1
BRDA:129,10,1,0
BRDA:134,11,0,0
BRDA:134,11,1,2
BRDA:137,12,0,0
BRDA:137,12,1,2
BRDA:153,13,0,1
BRDA:153,13,1,0
BRDA:155,14,0,0
BRDA:155,14,1,1
BRDA:158,15,0,0
BRDA:158,15,1,1
BRDA:158,16,0,0
BRDA:158,16,1,0
BRDA:172,17,0,0
BRDA:172,17,1,1
BRDA:175,18,0,0
BRDA:175,18,1,1
BRDA:204,19,0,1
BRDA:204,19,1,0
BRDA:206,20,0,0
BRDA:206,20,1,1
BRDA:209,21,0,0
BRDA:209,21,1,1
BRDA:209,22,0,0
BRDA:209,22,1,0
BRDA:225,23,0,0
BRDA:225,23,1,1
BRDA:228,24,0,0
BRDA:228,24,1,1
BRDA:256,25,0,0
BRDA:256,25,1,3
BRDA:256,26,0,0
BRDA:256,26,1,0
BRDA:261,27,0,1
BRDA:261,27,1,2
BRDA:264,28,0,1
BRDA:264,28,1,1
BRF:56
BRH:29
end_of_record
TN:
SF:C:\Users\Luiz Henrique\Simple-DEX\contracts\TokenA.sol
FN:8,constructor
FN:12,mint
FN:16,burn
FNF:3
FNH:3
FNDA:57,constructor
FNDA:2,mint
FNDA:1,burn
DA:9,57
DA:13,2
DA:17,1
LF:3
LH:3
BRF:0
BRH:0
end_of_record
TN:
SF:C:\Users\Luiz Henrique\Simple-DEX\contracts\TokenB.sol
FN:8,constructor
FN:12,mint
FN:16,burn
FNF:3
FNH:3
FNDA:54,constructor
FNDA:2,mint
FNDA:1,burn
DA:9,54
DA:13,2
DA:17,1
LF:3
LH:3
BRF:0
BRH:0
end_of_record
